<?xml version="1.0" encoding="UTF-8"?>
<!-- Generated by org.testng.reporters.JUnitReportReporter -->
<testsuite hostname="192.168.1.20" failures="0" tests="1" name="com.tests.LogInTest" time="8.039" errors="0" timestamp="2025-08-21T22:44:58 IST" skipped="0">
  <testcase classname="com.tests.LogInTest" name="testValidLogIn" time="8.039"/>
</testsuite> <!-- com.tests.LogInTest -->
