<?xml version="1.0" encoding="UTF-8"?>
<!-- Generated by org.testng.reporters.JUnitReportReporter -->
<testsuite hostname="192.168.1.4" failures="0" tests="1" name="com.tests.LogInTest" time="13.875" errors="0" timestamp="2025-08-15T20:48:41 IST" skipped="0">
  <testcase classname="com.tests.LogInTest" name="testValidLogIn" time="13.875"/>
</testsuite> <!-- com.tests.LogInTest -->
